<?xml version="1.0" encoding="UTF-8"?>
<!-- Generated by org.testng.reporters.JUnitXMLReporter -->
<testsuite ignored="0" hostname="LAPTOP-NBCD1KMT" failures="0" tests="92" name="Surefire test" time="0.674" errors="0" timestamp="2024-03-29T13:08:51 IST">
  <testcase classname="Test.TestCase1" name="@BeforeTest initializeBrowser" time="-1.711697930547E9">
    <failure type="org.testng.TestNGException" message="
Parameter &amp;apos;browserName&amp;apos; is required by BeforeTest on method initializeBrowser but has not been marked @Optional or defined
">
      <![CDATA[org.testng.TestNGException: 
Parameter 'browserName' is required by BeforeTest on method initializeBrowser but has not been marked @Optional or defined

... Removed 26 stack frames]]>
    </failure>
  </testcase> <!-- @BeforeTest initializeBrowser -->
  <testcase classname="Test.TestCase10" name="@BeforeTest initializeBrowser" time="0.0">
    <skipped/>
  </testcase> <!-- @BeforeTest initializeBrowser -->
  <testcase classname="Test.TestCase100" name="@BeforeTest initializeBrowser" time="0.0">
    <skipped/>
  </testcase> <!-- @BeforeTest initializeBrowser -->
  <testcase classname="Test.TestCase101" name="@BeforeTest initializeBrowser" time="0.0">
    <skipped/>
  </testcase> <!-- @BeforeTest initializeBrowser -->
  <testcase classname="Test.TestCase102" name="@BeforeTest initializeBrowser" time="0.0">
    <skipped/>
  </testcase> <!-- @BeforeTest initializeBrowser -->
  <testcase classname="Test.TestCase103" name="@BeforeTest initializeBrowser" time="0.0">
    <skipped/>
  </testcase> <!-- @BeforeTest initializeBrowser -->
  <testcase classname="Test.TestCase104" name="@BeforeTest initializeBrowser" time="0.0">
    <skipped/>
  </testcase> <!-- @BeforeTest initializeBrowser -->
  <testcase classname="Test.TestCase105" name="@BeforeTest initializeBrowser" time="0.0">
    <skipped/>
  </testcase> <!-- @BeforeTest initializeBrowser -->
  <testcase classname="Test.TestCase106" name="@BeforeTest initializeBrowser" time="0.0">
    <skipped/>
  </testcase> <!-- @BeforeTest initializeBrowser -->
  <testcase classname="Test.TestCase107" name="@BeforeTest initializeBrowser" time="0.0">
    <skipped/>
  </testcase> <!-- @BeforeTest initializeBrowser -->
  <testcase classname="Test.TestCase11" name="@BeforeTest initializeBrowser" time="0.0">
    <skipped/>
  </testcase> <!-- @BeforeTest initializeBrowser -->
  <testcase classname="Test.TestCase15" name="@BeforeTest initializeBrowser" time="0.0">
    <skipped/>
  </testcase> <!-- @BeforeTest initializeBrowser -->
  <testcase classname="Test.TestCase16" name="@BeforeTest initializeBrowser" time="0.0">
    <skipped/>
  </testcase> <!-- @BeforeTest initializeBrowser -->
  <testcase classname="Test.TestCase17" name="@BeforeTest initializeBrowser" time="0.0">
    <skipped/>
  </testcase> <!-- @BeforeTest initializeBrowser -->
  <testcase classname="Test.TestCase18" name="@BeforeTest initializeBrowser" time="0.0">
    <skipped/>
  </testcase> <!-- @BeforeTest initializeBrowser -->
  <testcase classname="Test.TestCase19" name="@BeforeTest initializeBrowser" time="0.0">
    <skipped/>
  </testcase> <!-- @BeforeTest initializeBrowser -->
  <testcase classname="Test.TestCase2" name="@BeforeTest initializeBrowser" time="0.0">
    <skipped/>
  </testcase> <!-- @BeforeTest initializeBrowser -->
  <testcase classname="Test.TestCase20" name="@BeforeTest initializeBrowser" time="0.0">
    <skipped/>
  </testcase> <!-- @BeforeTest initializeBrowser -->
  <testcase classname="Test.TestCase21" name="@BeforeTest initializeBrowser" time="0.0">
    <skipped/>
  </testcase> <!-- @BeforeTest initializeBrowser -->
  <testcase classname="Test.TestCase22" name="@BeforeTest initializeBrowser" time="0.0">
    <skipped/>
  </testcase> <!-- @BeforeTest initializeBrowser -->
  <testcase classname="Test.TestCase23" name="@BeforeTest initializeBrowser" time="0.0">
    <skipped/>
  </testcase> <!-- @BeforeTest initializeBrowser -->
  <testcase classname="Test.TestCase24" name="@BeforeTest initializeBrowser" time="0.0">
    <skipped/>
  </testcase> <!-- @BeforeTest initializeBrowser -->
  <testcase classname="Test.TestCase25" name="@BeforeTest initializeBrowser" time="0.0">
    <skipped/>
  </testcase> <!-- @BeforeTest initializeBrowser -->
  <testcase classname="Test.TestCase26" name="@BeforeTest initializeBrowser" time="0.0">
    <skipped/>
  </testcase> <!-- @BeforeTest initializeBrowser -->
  <testcase classname="Test.TestCase28" name="@BeforeTest initializeBrowser" time="0.0">
    <skipped/>
  </testcase> <!-- @BeforeTest initializeBrowser -->
  <testcase classname="Test.TestCase29" name="@BeforeTest initializeBrowser" time="0.0">
    <skipped/>
  </testcase> <!-- @BeforeTest initializeBrowser -->
  <testcase classname="Test.TestCase3" name="@BeforeTest initializeBrowser" time="0.0">
    <skipped/>
  </testcase> <!-- @BeforeTest initializeBrowser -->
  <testcase classname="Test.TestCase30" name="@BeforeTest initializeBrowser" time="0.0">
    <skipped/>
  </testcase> <!-- @BeforeTest initializeBrowser -->
  <testcase classname="Test.TestCase31" name="@BeforeTest initializeBrowser" time="0.0">
    <skipped/>
  </testcase> <!-- @BeforeTest initializeBrowser -->
  <testcase classname="Test.TestCase32" name="@BeforeTest initializeBrowser" time="0.0">
    <skipped/>
  </testcase> <!-- @BeforeTest initializeBrowser -->
  <testcase classname="Test.TestCase33" name="@BeforeTest initializeBrowser" time="0.0">
    <skipped/>
  </testcase> <!-- @BeforeTest initializeBrowser -->
  <testcase classname="Test.TestCase34" name="@BeforeTest initializeBrowser" time="0.0">
    <skipped/>
  </testcase> <!-- @BeforeTest initializeBrowser -->
  <testcase classname="Test.TestCase35" name="@BeforeTest initializeBrowser" time="0.0">
    <skipped/>
  </testcase> <!-- @BeforeTest initializeBrowser -->
  <testcase classname="Test.TestCase37" name="@BeforeTest initializeBrowser" time="0.0">
    <skipped/>
  </testcase> <!-- @BeforeTest initializeBrowser -->
  <testcase classname="Test.TestCase38" name="@BeforeTest initializeBrowser" time="0.0">
    <skipped/>
  </testcase> <!-- @BeforeTest initializeBrowser -->
  <testcase classname="Test.TestCase39" name="@BeforeTest initializeBrowser" time="0.0">
    <skipped/>
  </testcase> <!-- @BeforeTest initializeBrowser -->
  <testcase classname="Test.TestCase4" name="@BeforeTest initializeBrowser" time="0.0">
    <skipped/>
  </testcase> <!-- @BeforeTest initializeBrowser -->
  <testcase classname="Test.TestCase40" name="@BeforeTest initializeBrowser" time="0.0">
    <skipped/>
  </testcase> <!-- @BeforeTest initializeBrowser -->
  <testcase classname="Test.TestCase41" name="@BeforeTest initializeBrowser" time="0.0">
    <skipped/>
  </testcase> <!-- @BeforeTest initializeBrowser -->
  <testcase classname="Test.TestCase42" name="@BeforeTest initializeBrowser" time="0.0">
    <skipped/>
  </testcase> <!-- @BeforeTest initializeBrowser -->
  <testcase classname="Test.TestCase43" name="@BeforeTest initializeBrowser" time="0.0">
    <skipped/>
  </testcase> <!-- @BeforeTest initializeBrowser -->
  <testcase classname="Test.TestCase44" name="@BeforeTest initializeBrowser" time="0.0">
    <skipped/>
  </testcase> <!-- @BeforeTest initializeBrowser -->
  <testcase classname="Test.TestCase45" name="@BeforeTest initializeBrowser" time="0.0">
    <skipped/>
  </testcase> <!-- @BeforeTest initializeBrowser -->
  <testcase classname="Test.TestCase46" name="@BeforeTest initializeBrowser" time="0.0">
    <skipped/>
  </testcase> <!-- @BeforeTest initializeBrowser -->
  <testcase classname="Test.TestCase47" name="@BeforeTest initializeBrowser" time="0.0">
    <skipped/>
  </testcase> <!-- @BeforeTest initializeBrowser -->
  <testcase classname="Test.TestCase5" name="@BeforeTest initializeBrowser" time="0.0">
    <skipped/>
  </testcase> <!-- @BeforeTest initializeBrowser -->
  <testcase classname="Test.TestCase51" name="@BeforeTest initializeBrowser" time="0.0">
    <skipped/>
  </testcase> <!-- @BeforeTest initializeBrowser -->
  <testcase classname="Test.TestCase52" name="@BeforeTest initializeBrowser" time="0.0">
    <skipped/>
  </testcase> <!-- @BeforeTest initializeBrowser -->
  <testcase classname="Test.TestCase53" name="@BeforeTest initializeBrowser" time="0.0">
    <skipped/>
  </testcase> <!-- @BeforeTest initializeBrowser -->
  <testcase classname="Test.TestCase54" name="@BeforeTest initializeBrowser" time="0.0">
    <skipped/>
  </testcase> <!-- @BeforeTest initializeBrowser -->
  <testcase classname="Test.TestCase55" name="@BeforeTest initializeBrowser" time="0.0">
    <skipped/>
  </testcase> <!-- @BeforeTest initializeBrowser -->
  <testcase classname="Test.TestCase56" name="@BeforeTest initializeBrowser" time="0.0">
    <skipped/>
  </testcase> <!-- @BeforeTest initializeBrowser -->
  <testcase classname="Test.TestCase57" name="@BeforeTest initializeBrowser" time="0.0">
    <skipped/>
  </testcase> <!-- @BeforeTest initializeBrowser -->
  <testcase classname="Test.TestCase58" name="@BeforeTest initializeBrowser" time="0.0">
    <skipped/>
  </testcase> <!-- @BeforeTest initializeBrowser -->
  <testcase classname="Test.TestCase59" name="@BeforeTest initializeBrowser" time="0.0">
    <skipped/>
  </testcase> <!-- @BeforeTest initializeBrowser -->
  <testcase classname="Test.TestCase6" name="@BeforeTest initializeBrowser" time="0.0">
    <skipped/>
  </testcase> <!-- @BeforeTest initializeBrowser -->
  <testcase classname="Test.TestCase60" name="@BeforeTest initializeBrowser" time="0.0">
    <skipped/>
  </testcase> <!-- @BeforeTest initializeBrowser -->
  <testcase classname="Test.TestCase61" name="@BeforeTest initializeBrowser" time="0.0">
    <skipped/>
  </testcase> <!-- @BeforeTest initializeBrowser -->
  <testcase classname="Test.TestCase62" name="@BeforeTest initializeBrowser" time="0.0">
    <skipped/>
  </testcase> <!-- @BeforeTest initializeBrowser -->
  <testcase classname="Test.TestCase64" name="@BeforeTest initializeBrowser" time="0.0">
    <skipped/>
  </testcase> <!-- @BeforeTest initializeBrowser -->
  <testcase classname="Test.TestCase65" name="@BeforeTest initializeBrowser" time="0.0">
    <skipped/>
  </testcase> <!-- @BeforeTest initializeBrowser -->
  <testcase classname="Test.TestCase66" name="@BeforeTest initializeBrowser" time="0.0">
    <skipped/>
  </testcase> <!-- @BeforeTest initializeBrowser -->
  <testcase classname="Test.TestCase67" name="@BeforeTest initializeBrowser" time="0.0">
    <skipped/>
  </testcase> <!-- @BeforeTest initializeBrowser -->
  <testcase classname="Test.TestCase68" name="@BeforeTest initializeBrowser" time="0.0">
    <skipped/>
  </testcase> <!-- @BeforeTest initializeBrowser -->
  <testcase classname="Test.TestCase69" name="@BeforeTest initializeBrowser" time="0.0">
    <skipped/>
  </testcase> <!-- @BeforeTest initializeBrowser -->
  <testcase classname="Test.TestCase7" name="@BeforeTest initializeBrowser" time="0.0">
    <skipped/>
  </testcase> <!-- @BeforeTest initializeBrowser -->
  <testcase classname="Test.TestCase70" name="@BeforeTest initializeBrowser" time="0.0">
    <skipped/>
  </testcase> <!-- @BeforeTest initializeBrowser -->
  <testcase classname="Test.TestCase71" name="@BeforeTest initializeBrowser" time="0.0">
    <skipped/>
  </testcase> <!-- @BeforeTest initializeBrowser -->
  <testcase classname="Test.TestCase73" name="@BeforeTest initializeBrowser" time="0.0">
    <skipped/>
  </testcase> <!-- @BeforeTest initializeBrowser -->
  <testcase classname="Test.TestCase74" name="@BeforeTest initializeBrowser" time="0.0">
    <skipped/>
  </testcase> <!-- @BeforeTest initializeBrowser -->
  <testcase classname="Test.TestCase75" name="@BeforeTest initializeBrowser" time="0.0">
    <skipped/>
  </testcase> <!-- @BeforeTest initializeBrowser -->
  <testcase classname="Test.TestCase76" name="@BeforeTest initializeBrowser" time="0.0">
    <skipped/>
  </testcase> <!-- @BeforeTest initializeBrowser -->
  <testcase classname="Test.TestCase77" name="@BeforeTest initializeBrowser" time="0.0">
    <skipped/>
  </testcase> <!-- @BeforeTest initializeBrowser -->
  <testcase classname="Test.TestCase78" name="@BeforeTest initializeBrowser" time="0.0">
    <skipped/>
  </testcase> <!-- @BeforeTest initializeBrowser -->
  <testcase classname="Test.TestCase79" name="@BeforeTest initializeBrowser" time="0.0">
    <skipped/>
  </testcase> <!-- @BeforeTest initializeBrowser -->
  <testcase classname="Test.TestCase8" name="@BeforeTest initializeBrowser" time="0.0">
    <skipped/>
  </testcase> <!-- @BeforeTest initializeBrowser -->
  <testcase classname="Test.TestCase80" name="@BeforeTest initializeBrowser" time="0.0">
    <skipped/>
  </testcase> <!-- @BeforeTest initializeBrowser -->
  <testcase classname="Test.TestCase81" name="@BeforeTest initializeBrowser" time="0.0">
    <skipped/>
  </testcase> <!-- @BeforeTest initializeBrowser -->
  <testcase classname="Test.TestCase82" name="@BeforeTest initializeBrowser" time="0.0">
    <skipped/>
  </testcase> <!-- @BeforeTest initializeBrowser -->
  <testcase classname="Test.TestCase83" name="@BeforeTest initializeBrowser" time="0.0">
    <skipped/>
  </testcase> <!-- @BeforeTest initializeBrowser -->
  <testcase classname="Test.TestCase87" name="@BeforeTest initializeBrowser" time="0.0">
    <skipped/>
  </testcase> <!-- @BeforeTest initializeBrowser -->
  <testcase classname="Test.TestCase88" name="@BeforeTest initializeBrowser" time="0.0">
    <skipped/>
  </testcase> <!-- @BeforeTest initializeBrowser -->
  <testcase classname="Test.TestCase89" name="@BeforeTest initializeBrowser" time="0.0">
    <skipped/>
  </testcase> <!-- @BeforeTest initializeBrowser -->
  <testcase classname="Test.TestCase9" name="@BeforeTest initializeBrowser" time="0.0">
    <skipped/>
  </testcase> <!-- @BeforeTest initializeBrowser -->
  <testcase classname="Test.TestCase90" name="@BeforeTest initializeBrowser" time="0.0">
    <skipped/>
  </testcase> <!-- @BeforeTest initializeBrowser -->
  <testcase classname="Test.TestCase91" name="@BeforeTest initializeBrowser" time="0.0">
    <skipped/>
  </testcase> <!-- @BeforeTest initializeBrowser -->
  <testcase classname="Test.TestCase92" name="@BeforeTest initializeBrowser" time="0.0">
    <skipped/>
  </testcase> <!-- @BeforeTest initializeBrowser -->
  <testcase classname="Test.TestCase93" name="@BeforeTest initializeBrowser" time="0.0">
    <skipped/>
  </testcase> <!-- @BeforeTest initializeBrowser -->
  <testcase classname="Test.TestCase94" name="@BeforeTest initializeBrowser" time="0.0">
    <skipped/>
  </testcase> <!-- @BeforeTest initializeBrowser -->
  <testcase classname="Test.TestCase95" name="@BeforeTest initializeBrowser" time="0.0">
    <skipped/>
  </testcase> <!-- @BeforeTest initializeBrowser -->
  <testcase classname="Test.TestCase96" name="@BeforeTest initializeBrowser" time="0.0">
    <skipped/>
  </testcase> <!-- @BeforeTest initializeBrowser -->
  <testcase classname="Test.TestCase97" name="@BeforeTest initializeBrowser" time="0.0">
    <skipped/>
  </testcase> <!-- @BeforeTest initializeBrowser -->
  <testcase classname="Test.TestCase98" name="@BeforeTest initializeBrowser" time="0.0">
    <skipped/>
  </testcase> <!-- @BeforeTest initializeBrowser -->
  <testcase classname="Test.TestCase1" name="@AfterTest logout" time="0.0">
    <skipped/>
  </testcase> <!-- @AfterTest logout -->
  <testcase classname="Test.TestCase10" name="@AfterTest logout" time="0.0">
    <skipped/>
  </testcase> <!-- @AfterTest logout -->
  <testcase classname="Test.TestCase100" name="@AfterTest logout" time="0.0">
    <skipped/>
  </testcase> <!-- @AfterTest logout -->
  <testcase classname="Test.TestCase101" name="@AfterTest logout" time="0.0">
    <skipped/>
  </testcase> <!-- @AfterTest logout -->
  <testcase classname="Test.TestCase102" name="@AfterTest logout" time="0.0">
    <skipped/>
  </testcase> <!-- @AfterTest logout -->
  <testcase classname="Test.TestCase103" name="@AfterTest logout" time="0.0">
    <skipped/>
  </testcase> <!-- @AfterTest logout -->
  <testcase classname="Test.TestCase104" name="@AfterTest logout" time="0.0">
    <skipped/>
  </testcase> <!-- @AfterTest logout -->
  <testcase classname="Test.TestCase105" name="@AfterTest logout" time="0.0">
    <skipped/>
  </testcase> <!-- @AfterTest logout -->
  <testcase classname="Test.TestCase106" name="@AfterTest logout" time="0.0">
    <skipped/>
  </testcase> <!-- @AfterTest logout -->
  <testcase classname="Test.TestCase107" name="@AfterTest logout" time="0.0">
    <skipped/>
  </testcase> <!-- @AfterTest logout -->
  <testcase classname="Test.TestCase11" name="@AfterTest logout" time="0.0">
    <skipped/>
  </testcase> <!-- @AfterTest logout -->
  <testcase classname="Test.TestCase15" name="@AfterTest logout" time="0.0">
    <skipped/>
  </testcase> <!-- @AfterTest logout -->
  <testcase classname="Test.TestCase16" name="@AfterTest logout" time="0.0">
    <skipped/>
  </testcase> <!-- @AfterTest logout -->
  <testcase classname="Test.TestCase17" name="@AfterTest logout" time="0.0">
    <skipped/>
  </testcase> <!-- @AfterTest logout -->
  <testcase classname="Test.TestCase18" name="@AfterTest logout" time="0.0">
    <skipped/>
  </testcase> <!-- @AfterTest logout -->
  <testcase classname="Test.TestCase19" name="@AfterTest logout" time="0.0">
    <skipped/>
  </testcase> <!-- @AfterTest logout -->
  <testcase classname="Test.TestCase2" name="@AfterTest logout" time="0.0">
    <skipped/>
  </testcase> <!-- @AfterTest logout -->
  <testcase classname="Test.TestCase20" name="@AfterTest logout" time="0.0">
    <skipped/>
  </testcase> <!-- @AfterTest logout -->
  <testcase classname="Test.TestCase21" name="@AfterTest logout" time="0.0">
    <skipped/>
  </testcase> <!-- @AfterTest logout -->
  <testcase classname="Test.TestCase22" name="@AfterTest logout" time="0.0">
    <skipped/>
  </testcase> <!-- @AfterTest logout -->
  <testcase classname="Test.TestCase23" name="@AfterTest logout" time="0.0">
    <skipped/>
  </testcase> <!-- @AfterTest logout -->
  <testcase classname="Test.TestCase24" name="@AfterTest logout" time="0.0">
    <skipped/>
  </testcase> <!-- @AfterTest logout -->
  <testcase classname="Test.TestCase25" name="@AfterTest logout" time="0.0">
    <skipped/>
  </testcase> <!-- @AfterTest logout -->
  <testcase classname="Test.TestCase26" name="@AfterTest logout" time="0.0">
    <skipped/>
  </testcase> <!-- @AfterTest logout -->
  <testcase classname="Test.TestCase28" name="@AfterTest logout" time="0.0">
    <skipped/>
  </testcase> <!-- @AfterTest logout -->
  <testcase classname="Test.TestCase29" name="@AfterTest logout" time="0.0">
    <skipped/>
  </testcase> <!-- @AfterTest logout -->
  <testcase classname="Test.TestCase3" name="@AfterTest logout" time="0.0">
    <skipped/>
  </testcase> <!-- @AfterTest logout -->
  <testcase classname="Test.TestCase30" name="@AfterTest logout" time="0.0">
    <skipped/>
  </testcase> <!-- @AfterTest logout -->
  <testcase classname="Test.TestCase31" name="@AfterTest logout" time="0.0">
    <skipped/>
  </testcase> <!-- @AfterTest logout -->
  <testcase classname="Test.TestCase32" name="@AfterTest logout" time="0.0">
    <skipped/>
  </testcase> <!-- @AfterTest logout -->
  <testcase classname="Test.TestCase33" name="@AfterTest logout" time="0.0">
    <skipped/>
  </testcase> <!-- @AfterTest logout -->
  <testcase classname="Test.TestCase34" name="@AfterTest logout" time="0.0">
    <skipped/>
  </testcase> <!-- @AfterTest logout -->
  <testcase classname="Test.TestCase35" name="@AfterTest logout" time="0.0">
    <skipped/>
  </testcase> <!-- @AfterTest logout -->
  <testcase classname="Test.TestCase37" name="@AfterTest logout" time="0.0">
    <skipped/>
  </testcase> <!-- @AfterTest logout -->
  <testcase classname="Test.TestCase38" name="@AfterTest logout" time="0.0">
    <skipped/>
  </testcase> <!-- @AfterTest logout -->
  <testcase classname="Test.TestCase39" name="@AfterTest logout" time="0.0">
    <skipped/>
  </testcase> <!-- @AfterTest logout -->
  <testcase classname="Test.TestCase4" name="@AfterTest logout" time="0.0">
    <skipped/>
  </testcase> <!-- @AfterTest logout -->
  <testcase classname="Test.TestCase40" name="@AfterTest logout" time="0.0">
    <skipped/>
  </testcase> <!-- @AfterTest logout -->
  <testcase classname="Test.TestCase41" name="@AfterTest logout" time="0.0">
    <skipped/>
  </testcase> <!-- @AfterTest logout -->
  <testcase classname="Test.TestCase42" name="@AfterTest logout" time="0.0">
    <skipped/>
  </testcase> <!-- @AfterTest logout -->
  <testcase classname="Test.TestCase43" name="@AfterTest logout" time="0.0">
    <skipped/>
  </testcase> <!-- @AfterTest logout -->
  <testcase classname="Test.TestCase44" name="@AfterTest logout" time="0.0">
    <skipped/>
  </testcase> <!-- @AfterTest logout -->
  <testcase classname="Test.TestCase45" name="@AfterTest logout" time="0.0">
    <skipped/>
  </testcase> <!-- @AfterTest logout -->
  <testcase classname="Test.TestCase46" name="@AfterTest logout" time="0.0">
    <skipped/>
  </testcase> <!-- @AfterTest logout -->
  <testcase classname="Test.TestCase47" name="@AfterTest logout" time="0.0">
    <skipped/>
  </testcase> <!-- @AfterTest logout -->
  <testcase classname="Test.TestCase5" name="@AfterTest logout" time="0.0">
    <skipped/>
  </testcase> <!-- @AfterTest logout -->
  <testcase classname="Test.TestCase51" name="@AfterTest logout" time="0.0">
    <skipped/>
  </testcase> <!-- @AfterTest logout -->
  <testcase classname="Test.TestCase52" name="@AfterTest logout" time="0.0">
    <skipped/>
  </testcase> <!-- @AfterTest logout -->
  <testcase classname="Test.TestCase53" name="@AfterTest logout" time="0.0">
    <skipped/>
  </testcase> <!-- @AfterTest logout -->
  <testcase classname="Test.TestCase54" name="@AfterTest logout" time="0.0">
    <skipped/>
  </testcase> <!-- @AfterTest logout -->
  <testcase classname="Test.TestCase55" name="@AfterTest logout" time="0.0">
    <skipped/>
  </testcase> <!-- @AfterTest logout -->
  <testcase classname="Test.TestCase56" name="@AfterTest logout" time="0.0">
    <skipped/>
  </testcase> <!-- @AfterTest logout -->
  <testcase classname="Test.TestCase57" name="@AfterTest logout" time="0.0">
    <skipped/>
  </testcase> <!-- @AfterTest logout -->
  <testcase classname="Test.TestCase58" name="@AfterTest logout" time="0.0">
    <skipped/>
  </testcase> <!-- @AfterTest logout -->
  <testcase classname="Test.TestCase59" name="@AfterTest logout" time="0.0">
    <skipped/>
  </testcase> <!-- @AfterTest logout -->
  <testcase classname="Test.TestCase6" name="@AfterTest logout" time="0.0">
    <skipped/>
  </testcase> <!-- @AfterTest logout -->
  <testcase classname="Test.TestCase60" name="@AfterTest logout" time="0.0">
    <skipped/>
  </testcase> <!-- @AfterTest logout -->
  <testcase classname="Test.TestCase61" name="@AfterTest logout" time="0.0">
    <skipped/>
  </testcase> <!-- @AfterTest logout -->
  <testcase classname="Test.TestCase62" name="@AfterTest logout" time="0.0">
    <skipped/>
  </testcase> <!-- @AfterTest logout -->
  <testcase classname="Test.TestCase64" name="@AfterTest logout" time="0.0">
    <skipped/>
  </testcase> <!-- @AfterTest logout -->
  <testcase classname="Test.TestCase65" name="@AfterTest logout" time="0.0">
    <skipped/>
  </testcase> <!-- @AfterTest logout -->
  <testcase classname="Test.TestCase66" name="@AfterTest logout" time="0.0">
    <skipped/>
  </testcase> <!-- @AfterTest logout -->
  <testcase classname="Test.TestCase67" name="@AfterTest logout" time="0.0">
    <skipped/>
  </testcase> <!-- @AfterTest logout -->
  <testcase classname="Test.TestCase68" name="@AfterTest logout" time="0.0">
    <skipped/>
  </testcase> <!-- @AfterTest logout -->
  <testcase classname="Test.TestCase69" name="@AfterTest logout" time="0.0">
    <skipped/>
  </testcase> <!-- @AfterTest logout -->
  <testcase classname="Test.TestCase7" name="@AfterTest logout" time="0.0">
    <skipped/>
  </testcase> <!-- @AfterTest logout -->
  <testcase classname="Test.TestCase70" name="@AfterTest logout" time="0.0">
    <skipped/>
  </testcase> <!-- @AfterTest logout -->
  <testcase classname="Test.TestCase71" name="@AfterTest logout" time="0.0">
    <skipped/>
  </testcase> <!-- @AfterTest logout -->
  <testcase classname="Test.TestCase73" name="@AfterTest logout" time="0.0">
    <skipped/>
  </testcase> <!-- @AfterTest logout -->
  <testcase classname="Test.TestCase74" name="@AfterTest logout" time="0.0">
    <skipped/>
  </testcase> <!-- @AfterTest logout -->
  <testcase classname="Test.TestCase75" name="@AfterTest logout" time="0.0">
    <skipped/>
  </testcase> <!-- @AfterTest logout -->
  <testcase classname="Test.TestCase76" name="@AfterTest logout" time="0.0">
    <skipped/>
  </testcase> <!-- @AfterTest logout -->
  <testcase classname="Test.TestCase77" name="@AfterTest logout" time="0.0">
    <skipped/>
  </testcase> <!-- @AfterTest logout -->
  <testcase classname="Test.TestCase78" name="@AfterTest logout" time="0.0">
    <skipped/>
  </testcase> <!-- @AfterTest logout -->
  <testcase classname="Test.TestCase79" name="@AfterTest logout" time="0.0">
    <skipped/>
  </testcase> <!-- @AfterTest logout -->
  <testcase classname="Test.TestCase8" name="@AfterTest logout" time="0.0">
    <skipped/>
  </testcase> <!-- @AfterTest logout -->
  <testcase classname="Test.TestCase80" name="@AfterTest logout" time="0.0">
    <skipped/>
  </testcase> <!-- @AfterTest logout -->
  <testcase classname="Test.TestCase81" name="@AfterTest logout" time="0.0">
    <skipped/>
  </testcase> <!-- @AfterTest logout -->
  <testcase classname="Test.TestCase82" name="@AfterTest logout" time="0.0">
    <skipped/>
  </testcase> <!-- @AfterTest logout -->
  <testcase classname="Test.TestCase83" name="@AfterTest logout" time="0.0">
    <skipped/>
  </testcase> <!-- @AfterTest logout -->
  <testcase classname="Test.TestCase87" name="@AfterTest logout" time="0.0">
    <skipped/>
  </testcase> <!-- @AfterTest logout -->
  <testcase classname="Test.TestCase88" name="@AfterTest logout" time="0.0">
    <skipped/>
  </testcase> <!-- @AfterTest logout -->
  <testcase classname="Test.TestCase89" name="@AfterTest logout" time="0.0">
    <skipped/>
  </testcase> <!-- @AfterTest logout -->
  <testcase classname="Test.TestCase9" name="@AfterTest logout" time="0.0">
    <skipped/>
  </testcase> <!-- @AfterTest logout -->
  <testcase classname="Test.TestCase90" name="@AfterTest logout" time="0.0">
    <skipped/>
  </testcase> <!-- @AfterTest logout -->
  <testcase classname="Test.TestCase91" name="@AfterTest logout" time="0.0">
    <skipped/>
  </testcase> <!-- @AfterTest logout -->
  <testcase classname="Test.TestCase92" name="@AfterTest logout" time="0.0">
    <skipped/>
  </testcase> <!-- @AfterTest logout -->
  <testcase classname="Test.TestCase93" name="@AfterTest logout" time="0.0">
    <skipped/>
  </testcase> <!-- @AfterTest logout -->
  <testcase classname="Test.TestCase94" name="@AfterTest logout" time="0.0">
    <skipped/>
  </testcase> <!-- @AfterTest logout -->
  <testcase classname="Test.TestCase95" name="@AfterTest logout" time="0.0">
    <skipped/>
  </testcase> <!-- @AfterTest logout -->
  <testcase classname="Test.TestCase96" name="@AfterTest logout" time="0.0">
    <skipped/>
  </testcase> <!-- @AfterTest logout -->
  <testcase classname="Test.TestCase97" name="@AfterTest logout" time="0.0">
    <skipped/>
  </testcase> <!-- @AfterTest logout -->
  <testcase classname="Test.TestCase98" name="@AfterTest logout" time="0.0">
    <skipped/>
  </testcase> <!-- @AfterTest logout -->
  <testcase classname="Test.TestCase1" name="regression" time="0.0">
    <skipped/>
  </testcase> <!-- regression -->
  <testcase classname="Test.TestCase10" name="regression" time="0.0">
    <skipped/>
  </testcase> <!-- regression -->
  <testcase classname="Test.TestCase100" name="regression" time="0.0">
    <skipped/>
  </testcase> <!-- regression -->
  <testcase classname="Test.TestCase101" name="regression" time="0.0">
    <skipped/>
  </testcase> <!-- regression -->
  <testcase classname="Test.TestCase102" name="regression" time="0.0">
    <skipped/>
  </testcase> <!-- regression -->
  <testcase classname="Test.TestCase103" name="regression" time="0.0">
    <skipped/>
  </testcase> <!-- regression -->
  <testcase classname="Test.TestCase104" name="regression" time="0.001">
    <skipped/>
  </testcase> <!-- regression -->
  <testcase classname="Test.TestCase105" name="regression" time="0.0">
    <skipped/>
  </testcase> <!-- regression -->
  <testcase classname="Test.TestCase106" name="regression" time="0.0">
    <skipped/>
  </testcase> <!-- regression -->
  <testcase classname="Test.TestCase107" name="regression" time="0.0">
    <skipped/>
  </testcase> <!-- regression -->
  <testcase classname="Test.TestCase11" name="regression" time="0.0">
    <skipped/>
  </testcase> <!-- regression -->
  <testcase classname="Test.TestCase15" name="regression" time="0.0">
    <skipped/>
  </testcase> <!-- regression -->
  <testcase classname="Test.TestCase16" name="regression" time="0.001">
    <skipped/>
  </testcase> <!-- regression -->
  <testcase classname="Test.TestCase17" name="regression" time="0.002">
    <skipped/>
  </testcase> <!-- regression -->
  <testcase classname="Test.TestCase18" name="regression" time="0.0">
    <skipped/>
  </testcase> <!-- regression -->
  <testcase classname="Test.TestCase19" name="regression" time="0.003">
    <skipped/>
  </testcase> <!-- regression -->
  <testcase classname="Test.TestCase2" name="regression" time="0.0">
    <skipped/>
  </testcase> <!-- regression -->
  <testcase classname="Test.TestCase20" name="regression" time="0.0">
    <skipped/>
  </testcase> <!-- regression -->
  <testcase classname="Test.TestCase21" name="regression" time="0.0">
    <skipped/>
  </testcase> <!-- regression -->
  <testcase classname="Test.TestCase22" name="regression" time="0.0">
    <skipped/>
  </testcase> <!-- regression -->
  <testcase classname="Test.TestCase23" name="regression" time="0.001">
    <skipped/>
  </testcase> <!-- regression -->
  <testcase classname="Test.TestCase24" name="regression" time="0.0">
    <skipped/>
  </testcase> <!-- regression -->
  <testcase classname="Test.TestCase25" name="regression" time="0.0">
    <skipped/>
  </testcase> <!-- regression -->
  <testcase classname="Test.TestCase26" name="regression" time="0.0">
    <skipped/>
  </testcase> <!-- regression -->
  <testcase classname="Test.TestCase28" name="regression" time="0.0">
    <skipped/>
  </testcase> <!-- regression -->
  <testcase classname="Test.TestCase29" name="regression" time="0.0">
    <skipped/>
  </testcase> <!-- regression -->
  <testcase classname="Test.TestCase3" name="regression" time="0.0">
    <skipped/>
  </testcase> <!-- regression -->
  <testcase classname="Test.TestCase30" name="regression" time="0.0">
    <skipped/>
  </testcase> <!-- regression -->
  <testcase classname="Test.TestCase31" name="regression" time="0.0">
    <skipped/>
  </testcase> <!-- regression -->
  <testcase classname="Test.TestCase32" name="regression" time="0.0">
    <skipped/>
  </testcase> <!-- regression -->
  <testcase classname="Test.TestCase33" name="regression" time="0.0">
    <skipped/>
  </testcase> <!-- regression -->
  <testcase classname="Test.TestCase34" name="regression" time="0.0">
    <skipped/>
  </testcase> <!-- regression -->
  <testcase classname="Test.TestCase35" name="regression" time="0.0">
    <skipped/>
  </testcase> <!-- regression -->
  <testcase classname="Test.TestCase37" name="regression" time="0.0">
    <skipped/>
  </testcase> <!-- regression -->
  <testcase classname="Test.TestCase38" name="regression" time="0.0">
    <skipped/>
  </testcase> <!-- regression -->
  <testcase classname="Test.TestCase39" name="regression" time="0.0">
    <skipped/>
  </testcase> <!-- regression -->
  <testcase classname="Test.TestCase4" name="regression" time="0.0">
    <skipped/>
  </testcase> <!-- regression -->
  <testcase classname="Test.TestCase40" name="regression" time="0.0">
    <skipped/>
  </testcase> <!-- regression -->
  <testcase classname="Test.TestCase41" name="regression" time="0.0">
    <skipped/>
  </testcase> <!-- regression -->
  <testcase classname="Test.TestCase42" name="regression" time="0.0">
    <skipped/>
  </testcase> <!-- regression -->
  <testcase classname="Test.TestCase43" name="regression" time="0.0">
    <skipped/>
  </testcase> <!-- regression -->
  <testcase classname="Test.TestCase44" name="regression" time="0.0">
    <skipped/>
  </testcase> <!-- regression -->
  <testcase classname="Test.TestCase45" name="regression" time="0.0">
    <skipped/>
  </testcase> <!-- regression -->
  <testcase classname="Test.TestCase46" name="regression" time="0.0">
    <skipped/>
  </testcase> <!-- regression -->
  <testcase classname="Test.TestCase47" name="regression" time="0.0">
    <skipped/>
  </testcase> <!-- regression -->
  <testcase classname="Test.TestCase5" name="regression" time="0.0">
    <skipped/>
  </testcase> <!-- regression -->
  <testcase classname="Test.TestCase51" name="regression" time="0.0">
    <skipped/>
  </testcase> <!-- regression -->
  <testcase classname="Test.TestCase52" name="regression" time="0.001">
    <skipped/>
  </testcase> <!-- regression -->
  <testcase classname="Test.TestCase53" name="regression" time="0.0">
    <skipped/>
  </testcase> <!-- regression -->
  <testcase classname="Test.TestCase54" name="regression" time="0.0">
    <skipped/>
  </testcase> <!-- regression -->
  <testcase classname="Test.TestCase55" name="regression" time="0.0">
    <skipped/>
  </testcase> <!-- regression -->
  <testcase classname="Test.TestCase56" name="regression" time="0.0">
    <skipped/>
  </testcase> <!-- regression -->
  <testcase classname="Test.TestCase57" name="regression" time="0.0">
    <skipped/>
  </testcase> <!-- regression -->
  <testcase classname="Test.TestCase58" name="regression" time="0.0">
    <skipped/>
  </testcase> <!-- regression -->
  <testcase classname="Test.TestCase59" name="regression" time="0.0">
    <skipped/>
  </testcase> <!-- regression -->
  <testcase classname="Test.TestCase6" name="regression" time="0.0">
    <skipped/>
  </testcase> <!-- regression -->
  <testcase classname="Test.TestCase60" name="regression" time="0.0">
    <skipped/>
  </testcase> <!-- regression -->
  <testcase classname="Test.TestCase61" name="regression" time="0.0">
    <skipped/>
  </testcase> <!-- regression -->
  <testcase classname="Test.TestCase62" name="regression" time="0.0">
    <skipped/>
  </testcase> <!-- regression -->
  <testcase classname="Test.TestCase64" name="regression" time="0.0">
    <skipped/>
  </testcase> <!-- regression -->
  <testcase classname="Test.TestCase65" name="regression" time="0.0">
    <skipped/>
  </testcase> <!-- regression -->
  <testcase classname="Test.TestCase66" name="regression" time="0.0">
    <skipped/>
  </testcase> <!-- regression -->
  <testcase classname="Test.TestCase67" name="regression" time="0.0">
    <skipped/>
  </testcase> <!-- regression -->
  <testcase classname="Test.TestCase68" name="regression" time="0.0">
    <skipped/>
  </testcase> <!-- regression -->
  <testcase classname="Test.TestCase69" name="regression" time="0.0">
    <skipped/>
  </testcase> <!-- regression -->
  <testcase classname="Test.TestCase7" name="regression" time="0.0">
    <skipped/>
  </testcase> <!-- regression -->
  <testcase classname="Test.TestCase70" name="regression" time="0.0">
    <skipped/>
  </testcase> <!-- regression -->
  <testcase classname="Test.TestCase71" name="regression" time="0.0">
    <skipped/>
  </testcase> <!-- regression -->
  <testcase classname="Test.TestCase73" name="regression" time="0.0">
    <skipped/>
  </testcase> <!-- regression -->
  <testcase classname="Test.TestCase74" name="regression" time="0.0">
    <skipped/>
  </testcase> <!-- regression -->
  <testcase classname="Test.TestCase75" name="regression" time="0.0">
    <skipped/>
  </testcase> <!-- regression -->
  <testcase classname="Test.TestCase76" name="regression" time="0.0">
    <skipped/>
  </testcase> <!-- regression -->
  <testcase classname="Test.TestCase77" name="regression" time="0.0">
    <skipped/>
  </testcase> <!-- regression -->
  <testcase classname="Test.TestCase78" name="regression" time="0.0">
    <skipped/>
  </testcase> <!-- regression -->
  <testcase classname="Test.TestCase79" name="regression" time="0.0">
    <skipped/>
  </testcase> <!-- regression -->
  <testcase classname="Test.TestCase8" name="regression" time="0.0">
    <skipped/>
  </testcase> <!-- regression -->
  <testcase classname="Test.TestCase81" name="regression" time="0.0">
    <skipped/>
  </testcase> <!-- regression -->
  <testcase classname="Test.TestCase82" name="regression" time="0.0">
    <skipped/>
  </testcase> <!-- regression -->
  <testcase classname="Test.TestCase83" name="regression" time="0.0">
    <skipped/>
  </testcase> <!-- regression -->
  <testcase classname="Test.TestCase87" name="regression" time="0.0">
    <skipped/>
  </testcase> <!-- regression -->
  <testcase classname="Test.TestCase88" name="regression" time="0.0">
    <skipped/>
  </testcase> <!-- regression -->
  <testcase classname="Test.TestCase89" name="regression" time="0.0">
    <skipped/>
  </testcase> <!-- regression -->
  <testcase classname="Test.TestCase9" name="regression" time="0.0">
    <skipped/>
  </testcase> <!-- regression -->
  <testcase classname="Test.TestCase90" name="regression" time="0.0">
    <skipped/>
  </testcase> <!-- regression -->
  <testcase classname="Test.TestCase91" name="regression" time="0.0">
    <skipped/>
  </testcase> <!-- regression -->
  <testcase classname="Test.TestCase92" name="regression" time="0.0">
    <skipped/>
  </testcase> <!-- regression -->
  <testcase classname="Test.TestCase93" name="regression" time="0.0">
    <skipped/>
  </testcase> <!-- regression -->
  <testcase classname="Test.TestCase94" name="regression" time="0.0">
    <skipped/>
  </testcase> <!-- regression -->
  <testcase classname="Test.TestCase95" name="regression" time="0.0">
    <skipped/>
  </testcase> <!-- regression -->
  <testcase classname="Test.TestCase96" name="regression" time="0.0">
    <skipped/>
  </testcase> <!-- regression -->
  <testcase classname="Test.TestCase97" name="regression" time="0.0">
    <skipped/>
  </testcase> <!-- regression -->
  <testcase classname="Test.TestCase98" name="regression" time="0.0">
    <skipped/>
  </testcase> <!-- regression -->
</testsuite> <!-- Surefire test -->
