<?xml version="1.0" encoding="UTF-8"?>
<testsuite xmlns:xsi="http://www.w3.org/2001/XMLSchema-instance" xsi:noNamespaceSchemaLocation="https://maven.apache.org/surefire/maven-surefire-plugin/xsd/surefire-test-report-3.0.xsd" version="3.0" name="TestSuite" time="3.955" tests="278" errors="0" skipped="277" failures="1">
  <properties>
[...]
</properties>
  <testcase name="initializeBrowser" classname="Test.TestCase1" time="1.804">
    <failure message="&#10;Parameter &apos;browserName&apos; is required by BeforeTest on method initializeBrowser but has not been marked @Optional or defined&#10;" type="org.testng.TestNGException"><![CDATA[org.testng.TestNGException: 

Parameter 'browserName' is required by BeforeTest on method initializeBrowser but has not been marked @Optional or defined

	at org.testng.internal.Parameters.createParams(Parameters.java:267)
	at org.testng.internal.Parameters.createParametersForMethod(Parameters.java:355)
	at org.testng.internal.Parameters.createParameters(Parameters.java:693)
	at org.testng.internal.Parameters.createConfigurationParameters(Parameters.java:166)
	at org.testng.internal.invokers.ConfigInvoker.invokeConfigurations(ConfigInvoker.java:306)
	at org.testng.TestRunner.invokeTestConfigurations(TestRunner.java:661)
	at org.testng.TestRunner.beforeRun(TestRunner.java:650)
	at org.testng.TestRunner.run(TestRunner.java:612)
	at org.testng.SuiteRunner.runTest(SuiteRunner.java:443)
	at org.testng.SuiteRunner.runSequentially(SuiteRunner.java:437)
	at org.testng.SuiteRunner.privateRun(SuiteRunner.java:397)
	at org.testng.SuiteRunner.run(SuiteRunner.java:336)
	at org.testng.SuiteRunnerWorker.runSuite(SuiteRunnerWorker.java:52)
	at org.testng.SuiteRunnerWorker.run(SuiteRunnerWorker.java:95)
	at org.testng.TestNG.runSuitesSequentially(TestNG.java:1301)
	at org.testng.TestNG.runSuitesLocally(TestNG.java:1228)
	at org.testng.TestNG.runSuites(TestNG.java:1134)
	at org.testng.TestNG.run(TestNG.java:1101)
	at org.apache.maven.surefire.testng.TestNGExecutor.run(TestNGExecutor.java:155)
	at org.apache.maven.surefire.testng.TestNGDirectoryTestSuite.executeMulti(TestNGDirectoryTestSuite.java:169)
	at org.apache.maven.surefire.testng.TestNGDirectoryTestSuite.execute(TestNGDirectoryTestSuite.java:88)
	at org.apache.maven.surefire.testng.TestNGProvider.invoke(TestNGProvider.java:137)
	at org.apache.maven.surefire.booter.ForkedBooter.runSuitesInProcess(ForkedBooter.java:385)
	at org.apache.maven.surefire.booter.ForkedBooter.execute(ForkedBooter.java:162)
	at org.apache.maven.surefire.booter.ForkedBooter.run(ForkedBooter.java:507)
	at org.apache.maven.surefire.booter.ForkedBooter.main(ForkedBooter.java:495)
]]></failure>
    <system-err><![CDATA[SLF4J: Failed to load class "org.slf4j.impl.StaticLoggerBinder".
SLF4J: Defaulting to no-operation (NOP) logger implementation
SLF4J: See http://www.slf4j.org/codes.html#StaticLoggerBinder for further details.
]]></system-err>
  </testcase>
  <testcase name="regression" classname="Test.TestCase1" time="0">
    <skipped message="&#10;Parameter &apos;browserName&apos; is required by BeforeTest on method initializeBrowser but has not been marked @Optional or defined&#10;"/>
  </testcase>
  <testcase name="logout" classname="Test.TestCase1" time="0">
    <skipped/>
    <system-out><![CDATA[onTestSkipped
]]></system-out>
  </testcase>
  <testcase name="initializeBrowser" classname="Test.TestCase10" time="0">
    <skipped/>
  </testcase>
  <testcase name="regression" classname="Test.TestCase10" time="0">
    <skipped message="&#10;Parameter &apos;browserName&apos; is required by BeforeTest on method initializeBrowser but has not been marked @Optional or defined&#10;"/>
    <system-out><![CDATA[onTestSkipped
]]></system-out>
  </testcase>
  <testcase name="logout" classname="Test.TestCase10" time="0">
    <skipped/>
  </testcase>
  <testcase name="initializeBrowser" classname="Test.TestCase100" time="0">
    <skipped/>
  </testcase>
  <testcase name="regression" classname="Test.TestCase100" time="0">
    <skipped message="&#10;Parameter &apos;browserName&apos; is required by BeforeTest on method initializeBrowser but has not been marked @Optional or defined&#10;"/>
    <system-out><![CDATA[onTestSkipped
]]></system-out>
  </testcase>
  <testcase name="logout" classname="Test.TestCase100" time="0">
    <skipped/>
  </testcase>
  <testcase name="initializeBrowser" classname="Test.TestCase101" time="0">
    <skipped/>
  </testcase>
  <testcase name="regression" classname="Test.TestCase101" time="0">
    <skipped message="&#10;Parameter &apos;browserName&apos; is required by BeforeTest on method initializeBrowser but has not been marked @Optional or defined&#10;"/>
    <system-out><![CDATA[onTestSkipped
]]></system-out>
  </testcase>
  <testcase name="logout" classname="Test.TestCase101" time="0">
    <skipped/>
  </testcase>
  <testcase name="initializeBrowser" classname="Test.TestCase102" time="0">
    <skipped/>
  </testcase>
  <testcase name="regression" classname="Test.TestCase102" time="0">
    <skipped message="&#10;Parameter &apos;browserName&apos; is required by BeforeTest on method initializeBrowser but has not been marked @Optional or defined&#10;"/>
    <system-out><![CDATA[onTestSkipped
]]></system-out>
  </testcase>
  <testcase name="logout" classname="Test.TestCase102" time="0">
    <skipped/>
  </testcase>
  <testcase name="initializeBrowser" classname="Test.TestCase103" time="0">
    <skipped/>
  </testcase>
  <testcase name="regression" classname="Test.TestCase103" time="0">
    <skipped message="&#10;Parameter &apos;browserName&apos; is required by BeforeTest on method initializeBrowser but has not been marked @Optional or defined&#10;"/>
    <system-out><![CDATA[onTestSkipped
]]></system-out>
  </testcase>
  <testcase name="logout" classname="Test.TestCase103" time="0">
    <skipped/>
  </testcase>
  <testcase name="initializeBrowser" classname="Test.TestCase104" time="0">
    <skipped/>
  </testcase>
  <testcase name="regression" classname="Test.TestCase104" time="0">
    <skipped message="&#10;Parameter &apos;browserName&apos; is required by BeforeTest on method initializeBrowser but has not been marked @Optional or defined&#10;"/>
    <system-out><![CDATA[onTestSkipped
]]></system-out>
  </testcase>
  <testcase name="logout" classname="Test.TestCase104" time="0">
    <skipped/>
  </testcase>
  <testcase name="initializeBrowser" classname="Test.TestCase105" time="0">
    <skipped/>
  </testcase>
  <testcase name="regression" classname="Test.TestCase105" time="0">
    <skipped message="&#10;Parameter &apos;browserName&apos; is required by BeforeTest on method initializeBrowser but has not been marked @Optional or defined&#10;"/>
    <system-out><![CDATA[onTestSkipped
]]></system-out>
  </testcase>
  <testcase name="logout" classname="Test.TestCase105" time="0">
    <skipped/>
  </testcase>
  <testcase name="initializeBrowser" classname="Test.TestCase106" time="0">
    <skipped/>
  </testcase>
  <testcase name="regression" classname="Test.TestCase106" time="0">
    <skipped message="&#10;Parameter &apos;browserName&apos; is required by BeforeTest on method initializeBrowser but has not been marked @Optional or defined&#10;"/>
    <system-out><![CDATA[onTestSkipped
]]></system-out>
  </testcase>
  <testcase name="logout" classname="Test.TestCase106" time="0">
    <skipped/>
  </testcase>
  <testcase name="initializeBrowser" classname="Test.TestCase107" time="0">
    <skipped/>
  </testcase>
  <testcase name="regression" classname="Test.TestCase107" time="0">
    <skipped message="&#10;Parameter &apos;browserName&apos; is required by BeforeTest on method initializeBrowser but has not been marked @Optional or defined&#10;"/>
    <system-out><![CDATA[onTestSkipped
]]></system-out>
  </testcase>
  <testcase name="logout" classname="Test.TestCase107" time="0">
    <skipped/>
  </testcase>
  <testcase name="initializeBrowser" classname="Test.TestCase11" time="0">
    <skipped/>
  </testcase>
  <testcase name="regression" classname="Test.TestCase11" time="0">
    <skipped message="&#10;Parameter &apos;browserName&apos; is required by BeforeTest on method initializeBrowser but has not been marked @Optional or defined&#10;"/>
    <system-out><![CDATA[onTestSkipped
]]></system-out>
  </testcase>
  <testcase name="logout" classname="Test.TestCase11" time="0">
    <skipped/>
  </testcase>
  <testcase name="initializeBrowser" classname="Test.TestCase15" time="0">
    <skipped/>
  </testcase>
  <testcase name="regression" classname="Test.TestCase15" time="0">
    <skipped message="&#10;Parameter &apos;browserName&apos; is required by BeforeTest on method initializeBrowser but has not been marked @Optional or defined&#10;"/>
    <system-out><![CDATA[onTestSkipped
]]></system-out>
  </testcase>
  <testcase name="logout" classname="Test.TestCase15" time="0">
    <skipped/>
  </testcase>
  <testcase name="initializeBrowser" classname="Test.TestCase16" time="0">
    <skipped/>
  </testcase>
  <testcase name="regression" classname="Test.TestCase16" time="0">
    <skipped message="&#10;Parameter &apos;browserName&apos; is required by BeforeTest on method initializeBrowser but has not been marked @Optional or defined&#10;"/>
    <system-out><![CDATA[onTestSkipped
]]></system-out>
  </testcase>
  <testcase name="logout" classname="Test.TestCase16" time="0">
    <skipped/>
  </testcase>
  <testcase name="initializeBrowser" classname="Test.TestCase17" time="0">
    <skipped/>
  </testcase>
  <testcase name="regression" classname="Test.TestCase17" time="0">
    <skipped message="&#10;Parameter &apos;browserName&apos; is required by BeforeTest on method initializeBrowser but has not been marked @Optional or defined&#10;"/>
    <system-out><![CDATA[onTestSkipped
]]></system-out>
  </testcase>
  <testcase name="logout" classname="Test.TestCase17" time="0">
    <skipped/>
  </testcase>
  <testcase name="initializeBrowser" classname="Test.TestCase18" time="0">
    <skipped/>
  </testcase>
  <testcase name="regression" classname="Test.TestCase18" time="0">
    <skipped message="&#10;Parameter &apos;browserName&apos; is required by BeforeTest on method initializeBrowser but has not been marked @Optional or defined&#10;"/>
    <system-out><![CDATA[onTestSkipped
]]></system-out>
  </testcase>
  <testcase name="logout" classname="Test.TestCase18" time="0">
    <skipped/>
  </testcase>
  <testcase name="initializeBrowser" classname="Test.TestCase19" time="0">
    <skipped/>
  </testcase>
  <testcase name="regression" classname="Test.TestCase19" time="0">
    <skipped message="&#10;Parameter &apos;browserName&apos; is required by BeforeTest on method initializeBrowser but has not been marked @Optional or defined&#10;"/>
    <system-out><![CDATA[onTestSkipped
]]></system-out>
  </testcase>
  <testcase name="logout" classname="Test.TestCase19" time="0">
    <skipped/>
  </testcase>
  <testcase name="initializeBrowser" classname="Test.TestCase2" time="0">
    <skipped/>
  </testcase>
  <testcase name="regression" classname="Test.TestCase2" time="0">
    <skipped message="&#10;Parameter &apos;browserName&apos; is required by BeforeTest on method initializeBrowser but has not been marked @Optional or defined&#10;"/>
    <system-out><![CDATA[onTestSkipped
]]></system-out>
  </testcase>
  <testcase name="logout" classname="Test.TestCase2" time="0">
    <skipped/>
  </testcase>
  <testcase name="initializeBrowser" classname="Test.TestCase20" time="0">
    <skipped/>
  </testcase>
  <testcase name="regression" classname="Test.TestCase20" time="0">
    <skipped message="&#10;Parameter &apos;browserName&apos; is required by BeforeTest on method initializeBrowser but has not been marked @Optional or defined&#10;"/>
    <system-out><![CDATA[onTestSkipped
]]></system-out>
  </testcase>
  <testcase name="logout" classname="Test.TestCase20" time="0">
    <skipped/>
  </testcase>
  <testcase name="initializeBrowser" classname="Test.TestCase21" time="0">
    <skipped/>
  </testcase>
  <testcase name="regression" classname="Test.TestCase21" time="0">
    <skipped message="&#10;Parameter &apos;browserName&apos; is required by BeforeTest on method initializeBrowser but has not been marked @Optional or defined&#10;"/>
    <system-out><![CDATA[onTestSkipped
]]></system-out>
  </testcase>
  <testcase name="logout" classname="Test.TestCase21" time="0">
    <skipped/>
  </testcase>
  <testcase name="initializeBrowser" classname="Test.TestCase22" time="0">
    <skipped/>
  </testcase>
  <testcase name="regression" classname="Test.TestCase22" time="0">
    <skipped message="&#10;Parameter &apos;browserName&apos; is required by BeforeTest on method initializeBrowser but has not been marked @Optional or defined&#10;"/>
    <system-out><![CDATA[onTestSkipped
]]></system-out>
  </testcase>
  <testcase name="logout" classname="Test.TestCase22" time="0">
    <skipped/>
  </testcase>
  <testcase name="initializeBrowser" classname="Test.TestCase23" time="0">
    <skipped/>
  </testcase>
  <testcase name="regression" classname="Test.TestCase23" time="0">
    <skipped message="&#10;Parameter &apos;browserName&apos; is required by BeforeTest on method initializeBrowser but has not been marked @Optional or defined&#10;"/>
    <system-out><![CDATA[onTestSkipped
]]></system-out>
  </testcase>
  <testcase name="logout" classname="Test.TestCase23" time="0">
    <skipped/>
  </testcase>
  <testcase name="initializeBrowser" classname="Test.TestCase24" time="0">
    <skipped/>
  </testcase>
  <testcase name="regression" classname="Test.TestCase24" time="0">
    <skipped message="&#10;Parameter &apos;browserName&apos; is required by BeforeTest on method initializeBrowser but has not been marked @Optional or defined&#10;"/>
    <system-out><![CDATA[onTestSkipped
]]></system-out>
  </testcase>
  <testcase name="logout" classname="Test.TestCase24" time="0">
    <skipped/>
  </testcase>
  <testcase name="initializeBrowser" classname="Test.TestCase25" time="0">
    <skipped/>
  </testcase>
  <testcase name="regression" classname="Test.TestCase25" time="0">
    <skipped message="&#10;Parameter &apos;browserName&apos; is required by BeforeTest on method initializeBrowser but has not been marked @Optional or defined&#10;"/>
    <system-out><![CDATA[onTestSkipped
]]></system-out>
  </testcase>
  <testcase name="logout" classname="Test.TestCase25" time="0">
    <skipped/>
  </testcase>
  <testcase name="initializeBrowser" classname="Test.TestCase26" time="0">
    <skipped/>
  </testcase>
  <testcase name="regression" classname="Test.TestCase26" time="0">
    <skipped message="&#10;Parameter &apos;browserName&apos; is required by BeforeTest on method initializeBrowser but has not been marked @Optional or defined&#10;"/>
    <system-out><![CDATA[onTestSkipped
]]></system-out>
  </testcase>
  <testcase name="logout" classname="Test.TestCase26" time="0">
    <skipped/>
  </testcase>
  <testcase name="initializeBrowser" classname="Test.TestCase28" time="0">
    <skipped/>
  </testcase>
  <testcase name="regression" classname="Test.TestCase28" time="0">
    <skipped message="&#10;Parameter &apos;browserName&apos; is required by BeforeTest on method initializeBrowser but has not been marked @Optional or defined&#10;"/>
    <system-out><![CDATA[onTestSkipped
]]></system-out>
  </testcase>
  <testcase name="logout" classname="Test.TestCase28" time="0">
    <skipped/>
  </testcase>
  <testcase name="initializeBrowser" classname="Test.TestCase29" time="0">
    <skipped/>
  </testcase>
  <testcase name="regression" classname="Test.TestCase29" time="0">
    <skipped message="&#10;Parameter &apos;browserName&apos; is required by BeforeTest on method initializeBrowser but has not been marked @Optional or defined&#10;"/>
    <system-out><![CDATA[onTestSkipped
]]></system-out>
  </testcase>
  <testcase name="logout" classname="Test.TestCase29" time="0">
    <skipped/>
  </testcase>
  <testcase name="initializeBrowser" classname="Test.TestCase3" time="0">
    <skipped/>
  </testcase>
  <testcase name="regression" classname="Test.TestCase3" time="0">
    <skipped message="&#10;Parameter &apos;browserName&apos; is required by BeforeTest on method initializeBrowser but has not been marked @Optional or defined&#10;"/>
    <system-out><![CDATA[onTestSkipped
]]></system-out>
  </testcase>
  <testcase name="logout" classname="Test.TestCase3" time="0">
    <skipped/>
  </testcase>
  <testcase name="initializeBrowser" classname="Test.TestCase30" time="0">
    <skipped/>
  </testcase>
  <testcase name="regression" classname="Test.TestCase30" time="0">
    <skipped message="&#10;Parameter &apos;browserName&apos; is required by BeforeTest on method initializeBrowser but has not been marked @Optional or defined&#10;"/>
    <system-out><![CDATA[onTestSkipped
]]></system-out>
  </testcase>
  <testcase name="logout" classname="Test.TestCase30" time="0">
    <skipped/>
  </testcase>
  <testcase name="initializeBrowser" classname="Test.TestCase31" time="0">
    <skipped/>
  </testcase>
  <testcase name="regression" classname="Test.TestCase31" time="0">
    <skipped message="&#10;Parameter &apos;browserName&apos; is required by BeforeTest on method initializeBrowser but has not been marked @Optional or defined&#10;"/>
    <system-out><![CDATA[onTestSkipped
]]></system-out>
  </testcase>
  <testcase name="logout" classname="Test.TestCase31" time="0">
    <skipped/>
  </testcase>
  <testcase name="initializeBrowser" classname="Test.TestCase32" time="0">
    <skipped/>
  </testcase>
  <testcase name="regression" classname="Test.TestCase32" time="0">
    <skipped message="&#10;Parameter &apos;browserName&apos; is required by BeforeTest on method initializeBrowser but has not been marked @Optional or defined&#10;"/>
    <system-out><![CDATA[onTestSkipped
]]></system-out>
  </testcase>
  <testcase name="logout" classname="Test.TestCase32" time="0">
    <skipped/>
  </testcase>
  <testcase name="initializeBrowser" classname="Test.TestCase33" time="0">
    <skipped/>
  </testcase>
  <testcase name="regression" classname="Test.TestCase33" time="0">
    <skipped message="&#10;Parameter &apos;browserName&apos; is required by BeforeTest on method initializeBrowser but has not been marked @Optional or defined&#10;"/>
    <system-out><![CDATA[onTestSkipped
]]></system-out>
  </testcase>
  <testcase name="logout" classname="Test.TestCase33" time="0">
    <skipped/>
  </testcase>
  <testcase name="initializeBrowser" classname="Test.TestCase34" time="0">
    <skipped/>
  </testcase>
  <testcase name="regression" classname="Test.TestCase34" time="0">
    <skipped message="&#10;Parameter &apos;browserName&apos; is required by BeforeTest on method initializeBrowser but has not been marked @Optional or defined&#10;"/>
    <system-out><![CDATA[onTestSkipped
]]></system-out>
  </testcase>
  <testcase name="logout" classname="Test.TestCase34" time="0">
    <skipped/>
  </testcase>
  <testcase name="initializeBrowser" classname="Test.TestCase35" time="0">
    <skipped/>
  </testcase>
  <testcase name="regression" classname="Test.TestCase35" time="0">
    <skipped message="&#10;Parameter &apos;browserName&apos; is required by BeforeTest on method initializeBrowser but has not been marked @Optional or defined&#10;"/>
    <system-out><![CDATA[onTestSkipped
]]></system-out>
  </testcase>
  <testcase name="logout" classname="Test.TestCase35" time="0">
    <skipped/>
  </testcase>
  <testcase name="initializeBrowser" classname="Test.TestCase37" time="0">
    <skipped/>
  </testcase>
  <testcase name="regression" classname="Test.TestCase37" time="0">
    <skipped message="&#10;Parameter &apos;browserName&apos; is required by BeforeTest on method initializeBrowser but has not been marked @Optional or defined&#10;"/>
    <system-out><![CDATA[onTestSkipped
]]></system-out>
  </testcase>
  <testcase name="logout" classname="Test.TestCase37" time="0">
    <skipped/>
  </testcase>
  <testcase name="initializeBrowser" classname="Test.TestCase38" time="0">
    <skipped/>
  </testcase>
  <testcase name="regression" classname="Test.TestCase38" time="0">
    <skipped message="&#10;Parameter &apos;browserName&apos; is required by BeforeTest on method initializeBrowser but has not been marked @Optional or defined&#10;"/>
    <system-out><![CDATA[onTestSkipped
]]></system-out>
  </testcase>
  <testcase name="logout" classname="Test.TestCase38" time="0">
    <skipped/>
  </testcase>
  <testcase name="initializeBrowser" classname="Test.TestCase39" time="0">
    <skipped/>
  </testcase>
  <testcase name="regression" classname="Test.TestCase39" time="0">
    <skipped message="&#10;Parameter &apos;browserName&apos; is required by BeforeTest on method initializeBrowser but has not been marked @Optional or defined&#10;"/>
    <system-out><![CDATA[onTestSkipped
]]></system-out>
  </testcase>
  <testcase name="logout" classname="Test.TestCase39" time="0">
    <skipped/>
  </testcase>
  <testcase name="initializeBrowser" classname="Test.TestCase4" time="0">
    <skipped/>
  </testcase>
  <testcase name="regression" classname="Test.TestCase4" time="0">
    <skipped message="&#10;Parameter &apos;browserName&apos; is required by BeforeTest on method initializeBrowser but has not been marked @Optional or defined&#10;"/>
    <system-out><![CDATA[onTestSkipped
]]></system-out>
  </testcase>
  <testcase name="logout" classname="Test.TestCase4" time="0">
    <skipped/>
  </testcase>
  <testcase name="initializeBrowser" classname="Test.TestCase40" time="0">
    <skipped/>
  </testcase>
  <testcase name="regression" classname="Test.TestCase40" time="0">
    <skipped message="&#10;Parameter &apos;browserName&apos; is required by BeforeTest on method initializeBrowser but has not been marked @Optional or defined&#10;"/>
    <system-out><![CDATA[onTestSkipped
]]></system-out>
  </testcase>
  <testcase name="logout" classname="Test.TestCase40" time="0">
    <skipped/>
  </testcase>
  <testcase name="initializeBrowser" classname="Test.TestCase41" time="0">
    <skipped/>
  </testcase>
  <testcase name="regression" classname="Test.TestCase41" time="0">
    <skipped message="&#10;Parameter &apos;browserName&apos; is required by BeforeTest on method initializeBrowser but has not been marked @Optional or defined&#10;"/>
    <system-out><![CDATA[onTestSkipped
]]></system-out>
  </testcase>
  <testcase name="logout" classname="Test.TestCase41" time="0">
    <skipped/>
  </testcase>
  <testcase name="initializeBrowser" classname="Test.TestCase42" time="0">
    <skipped/>
  </testcase>
  <testcase name="regression" classname="Test.TestCase42" time="0">
    <skipped message="&#10;Parameter &apos;browserName&apos; is required by BeforeTest on method initializeBrowser but has not been marked @Optional or defined&#10;"/>
    <system-out><![CDATA[onTestSkipped
]]></system-out>
  </testcase>
  <testcase name="logout" classname="Test.TestCase42" time="0">
    <skipped/>
  </testcase>
  <testcase name="initializeBrowser" classname="Test.TestCase43" time="0">
    <skipped/>
  </testcase>
  <testcase name="regression" classname="Test.TestCase43" time="0">
    <skipped message="&#10;Parameter &apos;browserName&apos; is required by BeforeTest on method initializeBrowser but has not been marked @Optional or defined&#10;"/>
    <system-out><![CDATA[onTestSkipped
]]></system-out>
  </testcase>
  <testcase name="logout" classname="Test.TestCase43" time="0">
    <skipped/>
  </testcase>
  <testcase name="initializeBrowser" classname="Test.TestCase44" time="0">
    <skipped/>
  </testcase>
  <testcase name="regression" classname="Test.TestCase44" time="0">
    <skipped message="&#10;Parameter &apos;browserName&apos; is required by BeforeTest on method initializeBrowser but has not been marked @Optional or defined&#10;"/>
    <system-out><![CDATA[onTestSkipped
]]></system-out>
  </testcase>
  <testcase name="logout" classname="Test.TestCase44" time="0">
    <skipped/>
  </testcase>
  <testcase name="initializeBrowser" classname="Test.TestCase45" time="0">
    <skipped/>
  </testcase>
  <testcase name="regression" classname="Test.TestCase45" time="0">
    <skipped message="&#10;Parameter &apos;browserName&apos; is required by BeforeTest on method initializeBrowser but has not been marked @Optional or defined&#10;"/>
    <system-out><![CDATA[onTestSkipped
]]></system-out>
  </testcase>
  <testcase name="logout" classname="Test.TestCase45" time="0">
    <skipped/>
  </testcase>
  <testcase name="initializeBrowser" classname="Test.TestCase46" time="0">
    <skipped/>
  </testcase>
  <testcase name="regression" classname="Test.TestCase46" time="0">
    <skipped message="&#10;Parameter &apos;browserName&apos; is required by BeforeTest on method initializeBrowser but has not been marked @Optional or defined&#10;"/>
    <system-out><![CDATA[onTestSkipped
]]></system-out>
  </testcase>
  <testcase name="logout" classname="Test.TestCase46" time="0">
    <skipped/>
  </testcase>
  <testcase name="initializeBrowser" classname="Test.TestCase47" time="0">
    <skipped/>
  </testcase>
  <testcase name="regression" classname="Test.TestCase47" time="0">
    <skipped message="&#10;Parameter &apos;browserName&apos; is required by BeforeTest on method initializeBrowser but has not been marked @Optional or defined&#10;"/>
    <system-out><![CDATA[onTestSkipped
]]></system-out>
  </testcase>
  <testcase name="logout" classname="Test.TestCase47" time="0">
    <skipped/>
  </testcase>
  <testcase name="initializeBrowser" classname="Test.TestCase5" time="0">
    <skipped/>
  </testcase>
  <testcase name="regression" classname="Test.TestCase5" time="0">
    <skipped message="&#10;Parameter &apos;browserName&apos; is required by BeforeTest on method initializeBrowser but has not been marked @Optional or defined&#10;"/>
    <system-out><![CDATA[onTestSkipped
]]></system-out>
  </testcase>
  <testcase name="logout" classname="Test.TestCase5" time="0">
    <skipped/>
  </testcase>
  <testcase name="initializeBrowser" classname="Test.TestCase51" time="0">
    <skipped/>
  </testcase>
  <testcase name="regression" classname="Test.TestCase51" time="0">
    <skipped message="&#10;Parameter &apos;browserName&apos; is required by BeforeTest on method initializeBrowser but has not been marked @Optional or defined&#10;"/>
    <system-out><![CDATA[onTestSkipped
]]></system-out>
  </testcase>
  <testcase name="logout" classname="Test.TestCase51" time="0">
    <skipped/>
  </testcase>
  <testcase name="initializeBrowser" classname="Test.TestCase52" time="0">
    <skipped/>
  </testcase>
  <testcase name="regression" classname="Test.TestCase52" time="0">
    <skipped message="&#10;Parameter &apos;browserName&apos; is required by BeforeTest on method initializeBrowser but has not been marked @Optional or defined&#10;"/>
    <system-out><![CDATA[onTestSkipped
]]></system-out>
  </testcase>
  <testcase name="logout" classname="Test.TestCase52" time="0">
    <skipped/>
  </testcase>
  <testcase name="initializeBrowser" classname="Test.TestCase53" time="0">
    <skipped/>
  </testcase>
  <testcase name="regression" classname="Test.TestCase53" time="0">
    <skipped message="&#10;Parameter &apos;browserName&apos; is required by BeforeTest on method initializeBrowser but has not been marked @Optional or defined&#10;"/>
    <system-out><![CDATA[onTestSkipped
]]></system-out>
  </testcase>
  <testcase name="logout" classname="Test.TestCase53" time="0">
    <skipped/>
  </testcase>
  <testcase name="initializeBrowser" classname="Test.TestCase54" time="0">
    <skipped/>
  </testcase>
  <testcase name="regression" classname="Test.TestCase54" time="0">
    <skipped message="&#10;Parameter &apos;browserName&apos; is required by BeforeTest on method initializeBrowser but has not been marked @Optional or defined&#10;"/>
    <system-out><![CDATA[onTestSkipped
]]></system-out>
  </testcase>
  <testcase name="logout" classname="Test.TestCase54" time="0">
    <skipped/>
  </testcase>
  <testcase name="initializeBrowser" classname="Test.TestCase55" time="0">
    <skipped/>
  </testcase>
  <testcase name="regression" classname="Test.TestCase55" time="0">
    <skipped message="&#10;Parameter &apos;browserName&apos; is required by BeforeTest on method initializeBrowser but has not been marked @Optional or defined&#10;"/>
    <system-out><![CDATA[onTestSkipped
]]></system-out>
  </testcase>
  <testcase name="logout" classname="Test.TestCase55" time="0">
    <skipped/>
  </testcase>
  <testcase name="initializeBrowser" classname="Test.TestCase56" time="0">
    <skipped/>
  </testcase>
  <testcase name="regression" classname="Test.TestCase56" time="0">
    <skipped message="&#10;Parameter &apos;browserName&apos; is required by BeforeTest on method initializeBrowser but has not been marked @Optional or defined&#10;"/>
    <system-out><![CDATA[onTestSkipped
]]></system-out>
  </testcase>
  <testcase name="logout" classname="Test.TestCase56" time="0">
    <skipped/>
  </testcase>
  <testcase name="initializeBrowser" classname="Test.TestCase57" time="0">
    <skipped/>
  </testcase>
  <testcase name="regression" classname="Test.TestCase57" time="0">
    <skipped message="&#10;Parameter &apos;browserName&apos; is required by BeforeTest on method initializeBrowser but has not been marked @Optional or defined&#10;"/>
    <system-out><![CDATA[onTestSkipped
]]></system-out>
  </testcase>
  <testcase name="logout" classname="Test.TestCase57" time="0">
    <skipped/>
  </testcase>
  <testcase name="initializeBrowser" classname="Test.TestCase58" time="0">
    <skipped/>
  </testcase>
  <testcase name="regression" classname="Test.TestCase58" time="0">
    <skipped message="&#10;Parameter &apos;browserName&apos; is required by BeforeTest on method initializeBrowser but has not been marked @Optional or defined&#10;"/>
    <system-out><![CDATA[onTestSkipped
]]></system-out>
  </testcase>
  <testcase name="logout" classname="Test.TestCase58" time="0">
    <skipped/>
  </testcase>
  <testcase name="initializeBrowser" classname="Test.TestCase59" time="0">
    <skipped/>
  </testcase>
  <testcase name="regression" classname="Test.TestCase59" time="0">
    <skipped message="&#10;Parameter &apos;browserName&apos; is required by BeforeTest on method initializeBrowser but has not been marked @Optional or defined&#10;"/>
    <system-out><![CDATA[onTestSkipped
]]></system-out>
  </testcase>
  <testcase name="logout" classname="Test.TestCase59" time="0">
    <skipped/>
  </testcase>
  <testcase name="initializeBrowser" classname="Test.TestCase6" time="0">
    <skipped/>
  </testcase>
  <testcase name="regression" classname="Test.TestCase6" time="0">
    <skipped message="&#10;Parameter &apos;browserName&apos; is required by BeforeTest on method initializeBrowser but has not been marked @Optional or defined&#10;"/>
    <system-out><![CDATA[onTestSkipped
]]></system-out>
  </testcase>
  <testcase name="logout" classname="Test.TestCase6" time="0">
    <skipped/>
  </testcase>
  <testcase name="initializeBrowser" classname="Test.TestCase60" time="0">
    <skipped/>
  </testcase>
  <testcase name="regression" classname="Test.TestCase60" time="0">
    <skipped message="&#10;Parameter &apos;browserName&apos; is required by BeforeTest on method initializeBrowser but has not been marked @Optional or defined&#10;"/>
    <system-out><![CDATA[onTestSkipped
]]></system-out>
  </testcase>
  <testcase name="logout" classname="Test.TestCase60" time="0">
    <skipped/>
  </testcase>
  <testcase name="initializeBrowser" classname="Test.TestCase61" time="0">
    <skipped/>
  </testcase>
  <testcase name="regression" classname="Test.TestCase61" time="0">
    <skipped message="&#10;Parameter &apos;browserName&apos; is required by BeforeTest on method initializeBrowser but has not been marked @Optional or defined&#10;"/>
    <system-out><![CDATA[onTestSkipped
]]></system-out>
  </testcase>
  <testcase name="logout" classname="Test.TestCase61" time="0">
    <skipped/>
  </testcase>
  <testcase name="initializeBrowser" classname="Test.TestCase62" time="0">
    <skipped/>
  </testcase>
  <testcase name="regression" classname="Test.TestCase62" time="0">
    <skipped message="&#10;Parameter &apos;browserName&apos; is required by BeforeTest on method initializeBrowser but has not been marked @Optional or defined&#10;"/>
    <system-out><![CDATA[onTestSkipped
]]></system-out>
  </testcase>
  <testcase name="logout" classname="Test.TestCase62" time="0">
    <skipped/>
  </testcase>
  <testcase name="initializeBrowser" classname="Test.TestCase64" time="0">
    <skipped/>
  </testcase>
  <testcase name="regression" classname="Test.TestCase64" time="0">
    <skipped message="&#10;Parameter &apos;browserName&apos; is required by BeforeTest on method initializeBrowser but has not been marked @Optional or defined&#10;"/>
    <system-out><![CDATA[onTestSkipped
]]></system-out>
  </testcase>
  <testcase name="logout" classname="Test.TestCase64" time="0">
    <skipped/>
  </testcase>
  <testcase name="initializeBrowser" classname="Test.TestCase65" time="0">
    <skipped/>
  </testcase>
  <testcase name="regression" classname="Test.TestCase65" time="0">
    <skipped message="&#10;Parameter &apos;browserName&apos; is required by BeforeTest on method initializeBrowser but has not been marked @Optional or defined&#10;"/>
    <system-out><![CDATA[onTestSkipped
]]></system-out>
  </testcase>
  <testcase name="logout" classname="Test.TestCase65" time="0">
    <skipped/>
  </testcase>
  <testcase name="initializeBrowser" classname="Test.TestCase66" time="0">
    <skipped/>
  </testcase>
  <testcase name="regression" classname="Test.TestCase66" time="0">
    <skipped message="&#10;Parameter &apos;browserName&apos; is required by BeforeTest on method initializeBrowser but has not been marked @Optional or defined&#10;"/>
    <system-out><![CDATA[onTestSkipped
]]></system-out>
  </testcase>
  <testcase name="logout" classname="Test.TestCase66" time="0">
    <skipped/>
  </testcase>
  <testcase name="initializeBrowser" classname="Test.TestCase67" time="0">
    <skipped/>
  </testcase>
  <testcase name="regression" classname="Test.TestCase67" time="0">
    <skipped message="&#10;Parameter &apos;browserName&apos; is required by BeforeTest on method initializeBrowser but has not been marked @Optional or defined&#10;"/>
    <system-out><![CDATA[onTestSkipped
]]></system-out>
  </testcase>
  <testcase name="logout" classname="Test.TestCase67" time="0">
    <skipped/>
  </testcase>
  <testcase name="initializeBrowser" classname="Test.TestCase68" time="0">
    <skipped/>
  </testcase>
  <testcase name="regression" classname="Test.TestCase68" time="0">
    <skipped message="&#10;Parameter &apos;browserName&apos; is required by BeforeTest on method initializeBrowser but has not been marked @Optional or defined&#10;"/>
    <system-out><![CDATA[onTestSkipped
]]></system-out>
  </testcase>
  <testcase name="logout" classname="Test.TestCase68" time="0">
    <skipped/>
  </testcase>
  <testcase name="initializeBrowser" classname="Test.TestCase69" time="0">
    <skipped/>
  </testcase>
  <testcase name="regression" classname="Test.TestCase69" time="0">
    <skipped message="&#10;Parameter &apos;browserName&apos; is required by BeforeTest on method initializeBrowser but has not been marked @Optional or defined&#10;"/>
    <system-out><![CDATA[onTestSkipped
]]></system-out>
  </testcase>
  <testcase name="logout" classname="Test.TestCase69" time="0">
    <skipped/>
  </testcase>
  <testcase name="initializeBrowser" classname="Test.TestCase7" time="0">
    <skipped/>
  </testcase>
  <testcase name="regression" classname="Test.TestCase7" time="0">
    <skipped message="&#10;Parameter &apos;browserName&apos; is required by BeforeTest on method initializeBrowser but has not been marked @Optional or defined&#10;"/>
    <system-out><![CDATA[onTestSkipped
]]></system-out>
  </testcase>
  <testcase name="logout" classname="Test.TestCase7" time="0">
    <skipped/>
  </testcase>
  <testcase name="initializeBrowser" classname="Test.TestCase70" time="0">
    <skipped/>
  </testcase>
  <testcase name="regression" classname="Test.TestCase70" time="0">
    <skipped message="&#10;Parameter &apos;browserName&apos; is required by BeforeTest on method initializeBrowser but has not been marked @Optional or defined&#10;"/>
    <system-out><![CDATA[onTestSkipped
]]></system-out>
  </testcase>
  <testcase name="logout" classname="Test.TestCase70" time="0">
    <skipped/>
  </testcase>
  <testcase name="initializeBrowser" classname="Test.TestCase71" time="0">
    <skipped/>
  </testcase>
  <testcase name="regression" classname="Test.TestCase71" time="0">
    <skipped message="&#10;Parameter &apos;browserName&apos; is required by BeforeTest on method initializeBrowser but has not been marked @Optional or defined&#10;"/>
    <system-out><![CDATA[onTestSkipped
]]></system-out>
  </testcase>
  <testcase name="logout" classname="Test.TestCase71" time="0">
    <skipped/>
  </testcase>
  <testcase name="initializeBrowser" classname="Test.TestCase73" time="0">
    <skipped/>
  </testcase>
  <testcase name="regression" classname="Test.TestCase73" time="0">
    <skipped message="&#10;Parameter &apos;browserName&apos; is required by BeforeTest on method initializeBrowser but has not been marked @Optional or defined&#10;"/>
    <system-out><![CDATA[onTestSkipped
]]></system-out>
  </testcase>
  <testcase name="logout" classname="Test.TestCase73" time="0">
    <skipped/>
  </testcase>
  <testcase name="initializeBrowser" classname="Test.TestCase74" time="0">
    <skipped/>
  </testcase>
  <testcase name="regression" classname="Test.TestCase74" time="0">
    <skipped message="&#10;Parameter &apos;browserName&apos; is required by BeforeTest on method initializeBrowser but has not been marked @Optional or defined&#10;"/>
    <system-out><![CDATA[onTestSkipped
]]></system-out>
  </testcase>
  <testcase name="logout" classname="Test.TestCase74" time="0">
    <skipped/>
  </testcase>
  <testcase name="initializeBrowser" classname="Test.TestCase75" time="0">
    <skipped/>
  </testcase>
  <testcase name="regression" classname="Test.TestCase75" time="0">
    <skipped message="&#10;Parameter &apos;browserName&apos; is required by BeforeTest on method initializeBrowser but has not been marked @Optional or defined&#10;"/>
    <system-out><![CDATA[onTestSkipped
]]></system-out>
  </testcase>
  <testcase name="logout" classname="Test.TestCase75" time="0">
    <skipped/>
  </testcase>
  <testcase name="initializeBrowser" classname="Test.TestCase76" time="0">
    <skipped/>
  </testcase>
  <testcase name="regression" classname="Test.TestCase76" time="0">
    <skipped message="&#10;Parameter &apos;browserName&apos; is required by BeforeTest on method initializeBrowser but has not been marked @Optional or defined&#10;"/>
    <system-out><![CDATA[onTestSkipped
]]></system-out>
  </testcase>
  <testcase name="logout" classname="Test.TestCase76" time="0">
    <skipped/>
  </testcase>
  <testcase name="initializeBrowser" classname="Test.TestCase77" time="0">
    <skipped/>
  </testcase>
  <testcase name="regression" classname="Test.TestCase77" time="0">
    <skipped message="&#10;Parameter &apos;browserName&apos; is required by BeforeTest on method initializeBrowser but has not been marked @Optional or defined&#10;"/>
    <system-out><![CDATA[onTestSkipped
]]></system-out>
  </testcase>
  <testcase name="logout" classname="Test.TestCase77" time="0">
    <skipped/>
  </testcase>
  <testcase name="initializeBrowser" classname="Test.TestCase78" time="0">
    <skipped/>
  </testcase>
  <testcase name="regression" classname="Test.TestCase78" time="0">
    <skipped message="&#10;Parameter &apos;browserName&apos; is required by BeforeTest on method initializeBrowser but has not been marked @Optional or defined&#10;"/>
    <system-out><![CDATA[onTestSkipped
]]></system-out>
  </testcase>
  <testcase name="logout" classname="Test.TestCase78" time="0">
    <skipped/>
  </testcase>
  <testcase name="initializeBrowser" classname="Test.TestCase79" time="0">
    <skipped/>
  </testcase>
  <testcase name="regression" classname="Test.TestCase79" time="0">
    <skipped message="&#10;Parameter &apos;browserName&apos; is required by BeforeTest on method initializeBrowser but has not been marked @Optional or defined&#10;"/>
    <system-out><![CDATA[onTestSkipped
]]></system-out>
  </testcase>
  <testcase name="logout" classname="Test.TestCase79" time="0">
    <skipped/>
  </testcase>
  <testcase name="initializeBrowser" classname="Test.TestCase8" time="0">
    <skipped/>
  </testcase>
  <testcase name="regression" classname="Test.TestCase8" time="0">
    <skipped message="&#10;Parameter &apos;browserName&apos; is required by BeforeTest on method initializeBrowser but has not been marked @Optional or defined&#10;"/>
    <system-out><![CDATA[onTestSkipped
]]></system-out>
  </testcase>
  <testcase name="logout" classname="Test.TestCase8" time="0">
    <skipped/>
  </testcase>
  <testcase name="initializeBrowser" classname="Test.TestCase80" time="0">
    <skipped/>
  </testcase>
  <testcase name="logout" classname="Test.TestCase80" time="0">
    <skipped/>
  </testcase>
  <testcase name="initializeBrowser" classname="Test.TestCase81" time="0">
    <skipped/>
  </testcase>
  <testcase name="regression" classname="Test.TestCase81" time="0">
    <skipped message="&#10;Parameter &apos;browserName&apos; is required by BeforeTest on method initializeBrowser but has not been marked @Optional or defined&#10;"/>
    <system-out><![CDATA[onTestSkipped
]]></system-out>
  </testcase>
  <testcase name="logout" classname="Test.TestCase81" time="0">
    <skipped/>
  </testcase>
  <testcase name="initializeBrowser" classname="Test.TestCase82" time="0">
    <skipped/>
  </testcase>
  <testcase name="regression" classname="Test.TestCase82" time="0">
    <skipped message="&#10;Parameter &apos;browserName&apos; is required by BeforeTest on method initializeBrowser but has not been marked @Optional or defined&#10;"/>
    <system-out><![CDATA[onTestSkipped
]]></system-out>
  </testcase>
  <testcase name="logout" classname="Test.TestCase82" time="0">
    <skipped/>
  </testcase>
  <testcase name="initializeBrowser" classname="Test.TestCase83" time="0">
    <skipped/>
  </testcase>
  <testcase name="regression" classname="Test.TestCase83" time="0">
    <skipped message="&#10;Parameter &apos;browserName&apos; is required by BeforeTest on method initializeBrowser but has not been marked @Optional or defined&#10;"/>
    <system-out><![CDATA[onTestSkipped
]]></system-out>
  </testcase>
  <testcase name="logout" classname="Test.TestCase83" time="0">
    <skipped/>
  </testcase>
  <testcase name="initializeBrowser" classname="Test.TestCase87" time="0">
    <skipped/>
  </testcase>
  <testcase name="regression" classname="Test.TestCase87" time="0">
    <skipped message="&#10;Parameter &apos;browserName&apos; is required by BeforeTest on method initializeBrowser but has not been marked @Optional or defined&#10;"/>
    <system-out><![CDATA[onTestSkipped
]]></system-out>
  </testcase>
  <testcase name="logout" classname="Test.TestCase87" time="0">
    <skipped/>
  </testcase>
  <testcase name="initializeBrowser" classname="Test.TestCase88" time="0">
    <skipped/>
  </testcase>
  <testcase name="regression" classname="Test.TestCase88" time="0">
    <skipped message="&#10;Parameter &apos;browserName&apos; is required by BeforeTest on method initializeBrowser but has not been marked @Optional or defined&#10;"/>
    <system-out><![CDATA[onTestSkipped
]]></system-out>
  </testcase>
  <testcase name="logout" classname="Test.TestCase88" time="0">
    <skipped/>
  </testcase>
  <testcase name="initializeBrowser" classname="Test.TestCase89" time="0">
    <skipped/>
  </testcase>
  <testcase name="regression" classname="Test.TestCase89" time="0">
    <skipped message="&#10;Parameter &apos;browserName&apos; is required by BeforeTest on method initializeBrowser but has not been marked @Optional or defined&#10;"/>
    <system-out><![CDATA[onTestSkipped
]]></system-out>
  </testcase>
  <testcase name="logout" classname="Test.TestCase89" time="0">
    <skipped/>
  </testcase>
  <testcase name="initializeBrowser" classname="Test.TestCase9" time="0">
    <skipped/>
  </testcase>
  <testcase name="regression" classname="Test.TestCase9" time="0">
    <skipped message="&#10;Parameter &apos;browserName&apos; is required by BeforeTest on method initializeBrowser but has not been marked @Optional or defined&#10;"/>
    <system-out><![CDATA[onTestSkipped
]]></system-out>
  </testcase>
  <testcase name="logout" classname="Test.TestCase9" time="0">
    <skipped/>
  </testcase>
  <testcase name="initializeBrowser" classname="Test.TestCase90" time="0">
    <skipped/>
  </testcase>
  <testcase name="regression" classname="Test.TestCase90" time="0">
    <skipped message="&#10;Parameter &apos;browserName&apos; is required by BeforeTest on method initializeBrowser but has not been marked @Optional or defined&#10;"/>
    <system-out><![CDATA[onTestSkipped
]]></system-out>
  </testcase>
  <testcase name="logout" classname="Test.TestCase90" time="0">
    <skipped/>
  </testcase>
  <testcase name="initializeBrowser" classname="Test.TestCase91" time="0">
    <skipped/>
  </testcase>
  <testcase name="regression" classname="Test.TestCase91" time="0">
    <skipped message="&#10;Parameter &apos;browserName&apos; is required by BeforeTest on method initializeBrowser but has not been marked @Optional or defined&#10;"/>
    <system-out><![CDATA[onTestSkipped
]]></system-out>
  </testcase>
  <testcase name="logout" classname="Test.TestCase91" time="0">
    <skipped/>
  </testcase>
  <testcase name="initializeBrowser" classname="Test.TestCase92" time="0">
    <skipped/>
  </testcase>
  <testcase name="regression" classname="Test.TestCase92" time="0">
    <skipped message="&#10;Parameter &apos;browserName&apos; is required by BeforeTest on method initializeBrowser but has not been marked @Optional or defined&#10;"/>
    <system-out><![CDATA[onTestSkipped
]]></system-out>
  </testcase>
  <testcase name="logout" classname="Test.TestCase92" time="0">
    <skipped/>
  </testcase>
  <testcase name="initializeBrowser" classname="Test.TestCase93" time="0">
    <skipped/>
  </testcase>
  <testcase name="regression" classname="Test.TestCase93" time="0">
    <skipped message="&#10;Parameter &apos;browserName&apos; is required by BeforeTest on method initializeBrowser but has not been marked @Optional or defined&#10;"/>
    <system-out><![CDATA[onTestSkipped
]]></system-out>
  </testcase>
  <testcase name="logout" classname="Test.TestCase93" time="0">
    <skipped/>
  </testcase>
  <testcase name="initializeBrowser" classname="Test.TestCase94" time="0">
    <skipped/>
  </testcase>
  <testcase name="regression" classname="Test.TestCase94" time="0">
    <skipped message="&#10;Parameter &apos;browserName&apos; is required by BeforeTest on method initializeBrowser but has not been marked @Optional or defined&#10;"/>
    <system-out><![CDATA[onTestSkipped
]]></system-out>
  </testcase>
  <testcase name="logout" classname="Test.TestCase94" time="0">
    <skipped/>
  </testcase>
  <testcase name="initializeBrowser" classname="Test.TestCase95" time="0">
    <skipped/>
  </testcase>
  <testcase name="regression" classname="Test.TestCase95" time="0">
    <skipped message="&#10;Parameter &apos;browserName&apos; is required by BeforeTest on method initializeBrowser but has not been marked @Optional or defined&#10;"/>
    <system-out><![CDATA[onTestSkipped
]]></system-out>
  </testcase>
  <testcase name="logout" classname="Test.TestCase95" time="0">
    <skipped/>
  </testcase>
  <testcase name="initializeBrowser" classname="Test.TestCase96" time="0">
    <skipped/>
  </testcase>
  <testcase name="regression" classname="Test.TestCase96" time="0">
    <skipped message="&#10;Parameter &apos;browserName&apos; is required by BeforeTest on method initializeBrowser but has not been marked @Optional or defined&#10;"/>
    <system-out><![CDATA[onTestSkipped
]]></system-out>
  </testcase>
  <testcase name="logout" classname="Test.TestCase96" time="0">
    <skipped/>
  </testcase>
  <testcase name="initializeBrowser" classname="Test.TestCase97" time="0">
    <skipped/>
  </testcase>
  <testcase name="regression" classname="Test.TestCase97" time="0">
    <skipped message="&#10;Parameter &apos;browserName&apos; is required by BeforeTest on method initializeBrowser but has not been marked @Optional or defined&#10;"/>
    <system-out><![CDATA[onTestSkipped
]]></system-out>
  </testcase>
  <testcase name="logout" classname="Test.TestCase97" time="0">
    <skipped/>
  </testcase>
  <testcase name="initializeBrowser" classname="Test.TestCase98" time="0">
    <skipped/>
  </testcase>
  <testcase name="regression" classname="Test.TestCase98" time="0">
    <skipped message="&#10;Parameter &apos;browserName&apos; is required by BeforeTest on method initializeBrowser but has not been marked @Optional or defined&#10;"/>
    <system-out><![CDATA[onTestSkipped
]]></system-out>
  </testcase>
  <testcase name="logout" classname="Test.TestCase98" time="0">
    <skipped/>
  </testcase>
</testsuite>